{"/home/canhdinh/Documents/WorkSpace/NodeJs/CodeWithMosh/Exercise/vidly-demo/index.js": {"path":"/home/canhdinh/Documents/WorkSpace/NodeJs/CodeWithMosh/Exercise/vidly-demo/index.js","statementMap":{"0":{"start":{"line":1,"column":18},"end":{"line":1,"column":36}},"1":{"start":{"line":2,"column":14},"end":{"line":2,"column":23}},"2":{"start":{"line":4,"column":17},"end":{"line":4,"column":42}},"3":{"start":{"line":6,"column":0},"end":{"line":6,"column":33}},"4":{"start":{"line":7,"column":0},"end":{"line":7,"column":26}},"5":{"start":{"line":8,"column":0},"end":{"line":8,"column":30}},"6":{"start":{"line":9,"column":0},"end":{"line":9,"column":34}},"7":{"start":{"line":11,"column":13},"end":{"line":11,"column":37}},"8":{"start":{"line":13,"column":15},"end":{"line":13,"column":82}},"9":{"start":{"line":13,"column":38},"end":{"line":13,"column":81}},"10":{"start":{"line":15,"column":0},"end":{"line":15,"column":24}}},"fnMap":{"0":{"name":"(anonymous_0)","decl":{"start":{"line":13,"column":32},"end":{"line":13,"column":33}},"loc":{"start":{"line":13,"column":38},"end":{"line":13,"column":81}},"line":13}},"branchMap":{"0":{"loc":{"start":{"line":11,"column":13},"end":{"line":11,"column":37}},"type":"binary-expr","locations":[{"start":{"line":11,"column":13},"end":{"line":11,"column":29}},{"start":{"line":11,"column":33},"end":{"line":11,"column":37}}],"line":11}},"s":{"0":3,"1":3,"2":3,"3":3,"4":3,"5":3,"6":3,"7":3,"8":3,"9":3,"10":3},"f":{"0":3},"b":{"0":[3,3]},"_coverageSchema":"1a1c01bbd47fc00a2c39e90264f33305004495a9","hash":"7548365e114d6beb1dc1ba410c8b10e18a7a81b5"}
,"/home/canhdinh/Documents/WorkSpace/NodeJs/CodeWithMosh/Exercise/vidly-demo/controller/authCtl.js": {"path":"/home/canhdinh/Documents/WorkSpace/NodeJs/CodeWithMosh/Exercise/vidly-demo/controller/authCtl.js","statementMap":{"0":{"start":{"line":1,"column":12},"end":{"line":1,"column":29}},"1":{"start":{"line":2,"column":17},"end":{"line":2,"column":34}},"2":{"start":{"line":3,"column":14},"end":{"line":3,"column":37}},"3":{"start":{"line":4,"column":17},"end":{"line":4,"column":34}},"4":{"start":{"line":6,"column":14},"end":{"line":6,"column":28}},"5":{"start":{"line":8,"column":17},"end":{"line":8,"column":42}},"6":{"start":{"line":10,"column":0},"end":{"line":24,"column":1}},"7":{"start":{"line":11,"column":20},"end":{"line":11,"column":38}},"8":{"start":{"line":12,"column":4},"end":{"line":12,"column":68}},"9":{"start":{"line":12,"column":14},"end":{"line":12,"column":68}},"10":{"start":{"line":14,"column":15},"end":{"line":14,"column":58}},"11":{"start":{"line":15,"column":4},"end":{"line":15,"column":72}},"12":{"start":{"line":15,"column":14},"end":{"line":15,"column":72}},"13":{"start":{"line":17,"column":26},"end":{"line":17,"column":84}},"14":{"start":{"line":18,"column":4},"end":{"line":18,"column":81}},"15":{"start":{"line":18,"column":23},"end":{"line":18,"column":81}},"16":{"start":{"line":20,"column":18},"end":{"line":20,"column":42}},"17":{"start":{"line":22,"column":4},"end":{"line":22,"column":20}},"18":{"start":{"line":27,"column":19},"end":{"line":30,"column":6}},"19":{"start":{"line":32,"column":4},"end":{"line":32,"column":33}}},"fnMap":{"0":{"name":"(anonymous_0)","decl":{"start":{"line":10,"column":26},"end":{"line":10,"column":27}},"loc":{"start":{"line":10,"column":46},"end":{"line":24,"column":1}},"line":10},"1":{"name":"validate","decl":{"start":{"line":26,"column":9},"end":{"line":26,"column":17}},"loc":{"start":{"line":26,"column":24},"end":{"line":33,"column":1}},"line":26}},"branchMap":{"0":{"loc":{"start":{"line":12,"column":4},"end":{"line":12,"column":68}},"type":"if","locations":[{"start":{"line":12,"column":4},"end":{"line":12,"column":68}},{"start":{"line":12,"column":4},"end":{"line":12,"column":68}}],"line":12},"1":{"loc":{"start":{"line":15,"column":4},"end":{"line":15,"column":72}},"type":"if","locations":[{"start":{"line":15,"column":4},"end":{"line":15,"column":72}},{"start":{"line":15,"column":4},"end":{"line":15,"column":72}}],"line":15},"2":{"loc":{"start":{"line":18,"column":4},"end":{"line":18,"column":81}},"type":"if","locations":[{"start":{"line":18,"column":4},"end":{"line":18,"column":81}},{"start":{"line":18,"column":4},"end":{"line":18,"column":81}}],"line":18}},"s":{"0":3,"1":3,"2":3,"3":3,"4":3,"5":3,"6":3,"7":0,"8":0,"9":0,"10":0,"11":0,"12":0,"13":0,"14":0,"15":0,"16":0,"17":0,"18":0,"19":0},"f":{"0":0,"1":0},"b":{"0":[0,0],"1":[0,0],"2":[0,0]},"_coverageSchema":"1a1c01bbd47fc00a2c39e90264f33305004495a9","hash":"fc25df8b5fba7e5f7491a47cef36e21e2f909774"}
,"/home/canhdinh/Documents/WorkSpace/NodeJs/CodeWithMosh/Exercise/vidly-demo/controller/customerCtl.js": {"path":"/home/canhdinh/Documents/WorkSpace/NodeJs/CodeWithMosh/Exercise/vidly-demo/controller/customerCtl.js","statementMap":{"0":{"start":{"line":1,"column":31},"end":{"line":1,"column":60}},"1":{"start":{"line":3,"column":0},"end":{"line":8,"column":1}},"2":{"start":{"line":4,"column":22},"end":{"line":6,"column":21}},"3":{"start":{"line":7,"column":4},"end":{"line":7,"column":24}},"4":{"start":{"line":10,"column":0},"end":{"line":14,"column":1}},"5":{"start":{"line":11,"column":21},"end":{"line":12,"column":32}},"6":{"start":{"line":13,"column":4},"end":{"line":13,"column":23}},"7":{"start":{"line":16,"column":0},"end":{"line":27,"column":1}},"8":{"start":{"line":17,"column":20},"end":{"line":17,"column":38}},"9":{"start":{"line":18,"column":4},"end":{"line":18,"column":68}},"10":{"start":{"line":18,"column":14},"end":{"line":18,"column":68}},"11":{"start":{"line":20,"column":19},"end":{"line":24,"column":6}},"12":{"start":{"line":25,"column":4},"end":{"line":25,"column":37}},"13":{"start":{"line":26,"column":4},"end":{"line":26,"column":23}},"14":{"start":{"line":29,"column":0},"end":{"line":43,"column":1}},"15":{"start":{"line":30,"column":20},"end":{"line":30,"column":38}},"16":{"start":{"line":31,"column":4},"end":{"line":31,"column":68}},"17":{"start":{"line":31,"column":14},"end":{"line":31,"column":68}},"18":{"start":{"line":33,"column":21},"end":{"line":38,"column":17}},"19":{"start":{"line":40,"column":4},"end":{"line":40,"column":88}},"20":{"start":{"line":40,"column":18},"end":{"line":40,"column":88}},"21":{"start":{"line":42,"column":4},"end":{"line":42,"column":23}},"22":{"start":{"line":45,"column":0},"end":{"line":49,"column":1}},"23":{"start":{"line":46,"column":21},"end":{"line":46,"column":68}},"24":{"start":{"line":47,"column":4},"end":{"line":47,"column":88}},"25":{"start":{"line":47,"column":18},"end":{"line":47,"column":88}},"26":{"start":{"line":48,"column":4},"end":{"line":48,"column":23}}},"fnMap":{"0":{"name":"(anonymous_0)","decl":{"start":{"line":3,"column":23},"end":{"line":3,"column":24}},"loc":{"start":{"line":3,"column":43},"end":{"line":8,"column":1}},"line":3},"1":{"name":"(anonymous_1)","decl":{"start":{"line":10,"column":26},"end":{"line":10,"column":27}},"loc":{"start":{"line":10,"column":46},"end":{"line":14,"column":1}},"line":10},"2":{"name":"(anonymous_2)","decl":{"start":{"line":16,"column":23},"end":{"line":16,"column":24}},"loc":{"start":{"line":16,"column":43},"end":{"line":27,"column":1}},"line":16},"3":{"name":"(anonymous_3)","decl":{"start":{"line":29,"column":26},"end":{"line":29,"column":27}},"loc":{"start":{"line":29,"column":46},"end":{"line":43,"column":1}},"line":29},"4":{"name":"(anonymous_4)","decl":{"start":{"line":45,"column":29},"end":{"line":45,"column":30}},"loc":{"start":{"line":45,"column":49},"end":{"line":49,"column":1}},"line":45}},"branchMap":{"0":{"loc":{"start":{"line":18,"column":4},"end":{"line":18,"column":68}},"type":"if","locations":[{"start":{"line":18,"column":4},"end":{"line":18,"column":68}},{"start":{"line":18,"column":4},"end":{"line":18,"column":68}}],"line":18},"1":{"loc":{"start":{"line":31,"column":4},"end":{"line":31,"column":68}},"type":"if","locations":[{"start":{"line":31,"column":4},"end":{"line":31,"column":68}},{"start":{"line":31,"column":4},"end":{"line":31,"column":68}}],"line":31},"2":{"loc":{"start":{"line":40,"column":4},"end":{"line":40,"column":88}},"type":"if","locations":[{"start":{"line":40,"column":4},"end":{"line":40,"column":88}},{"start":{"line":40,"column":4},"end":{"line":40,"column":88}}],"line":40},"3":{"loc":{"start":{"line":47,"column":4},"end":{"line":47,"column":88}},"type":"if","locations":[{"start":{"line":47,"column":4},"end":{"line":47,"column":88}},{"start":{"line":47,"column":4},"end":{"line":47,"column":88}}],"line":47}},"s":{"0":3,"1":3,"2":0,"3":0,"4":3,"5":0,"6":0,"7":3,"8":0,"9":0,"10":0,"11":0,"12":0,"13":0,"14":3,"15":0,"16":0,"17":0,"18":0,"19":0,"20":0,"21":0,"22":3,"23":0,"24":0,"25":0,"26":0},"f":{"0":0,"1":0,"2":0,"3":0,"4":0},"b":{"0":[0,0],"1":[0,0],"2":[0,0],"3":[0,0]},"_coverageSchema":"1a1c01bbd47fc00a2c39e90264f33305004495a9","hash":"e203078470fa10d278d7800aa0ed7fae9f12750d"}
,"/home/canhdinh/Documents/WorkSpace/NodeJs/CodeWithMosh/Exercise/vidly-demo/controller/genreCtl.js": {"path":"/home/canhdinh/Documents/WorkSpace/NodeJs/CodeWithMosh/Exercise/vidly-demo/controller/genreCtl.js","statementMap":{"0":{"start":{"line":1,"column":26},"end":{"line":1,"column":52}},"1":{"start":{"line":2,"column":17},"end":{"line":2,"column":36}},"2":{"start":{"line":4,"column":0},"end":{"line":7,"column":1}},"3":{"start":{"line":5,"column":19},"end":{"line":5,"column":50}},"4":{"start":{"line":6,"column":4},"end":{"line":6,"column":21}},"5":{"start":{"line":9,"column":0},"end":{"line":15,"column":2}},"6":{"start":{"line":10,"column":18},"end":{"line":10,"column":53}},"7":{"start":{"line":12,"column":4},"end":{"line":12,"column":78}},"8":{"start":{"line":12,"column":15},"end":{"line":12,"column":78}},"9":{"start":{"line":14,"column":4},"end":{"line":14,"column":20}},"10":{"start":{"line":17,"column":0},"end":{"line":24,"column":1}},"11":{"start":{"line":18,"column":20},"end":{"line":18,"column":38}},"12":{"start":{"line":19,"column":4},"end":{"line":19,"column":68}},"13":{"start":{"line":19,"column":14},"end":{"line":19,"column":68}},"14":{"start":{"line":21,"column":16},"end":{"line":21,"column":49}},"15":{"start":{"line":22,"column":4},"end":{"line":22,"column":31}},"16":{"start":{"line":23,"column":4},"end":{"line":23,"column":20}},"17":{"start":{"line":26,"column":0},"end":{"line":35,"column":1}},"18":{"start":{"line":27,"column":20},"end":{"line":27,"column":38}},"19":{"start":{"line":28,"column":4},"end":{"line":28,"column":69}},"20":{"start":{"line":28,"column":15},"end":{"line":28,"column":69}},"21":{"start":{"line":30,"column":18},"end":{"line":30,"column":100}},"22":{"start":{"line":32,"column":4},"end":{"line":32,"column":86}},"23":{"start":{"line":32,"column":16},"end":{"line":32,"column":86}},"24":{"start":{"line":34,"column":4},"end":{"line":34,"column":20}},"25":{"start":{"line":37,"column":0},"end":{"line":43,"column":1}},"26":{"start":{"line":38,"column":18},"end":{"line":38,"column":62}},"27":{"start":{"line":40,"column":4},"end":{"line":40,"column":95}},"28":{"start":{"line":40,"column":16},"end":{"line":40,"column":95}},"29":{"start":{"line":42,"column":4},"end":{"line":42,"column":20}}},"fnMap":{"0":{"name":"(anonymous_0)","decl":{"start":{"line":4,"column":20},"end":{"line":4,"column":21}},"loc":{"start":{"line":4,"column":40},"end":{"line":7,"column":1}},"line":4},"1":{"name":"(anonymous_1)","decl":{"start":{"line":9,"column":23},"end":{"line":9,"column":24}},"loc":{"start":{"line":9,"column":42},"end":{"line":15,"column":1}},"line":9},"2":{"name":"(anonymous_2)","decl":{"start":{"line":17,"column":20},"end":{"line":17,"column":21}},"loc":{"start":{"line":17,"column":40},"end":{"line":24,"column":1}},"line":17},"3":{"name":"(anonymous_3)","decl":{"start":{"line":26,"column":23},"end":{"line":26,"column":24}},"loc":{"start":{"line":26,"column":42},"end":{"line":35,"column":1}},"line":26},"4":{"name":"(anonymous_4)","decl":{"start":{"line":37,"column":26},"end":{"line":37,"column":27}},"loc":{"start":{"line":37,"column":46},"end":{"line":43,"column":1}},"line":37}},"branchMap":{"0":{"loc":{"start":{"line":12,"column":4},"end":{"line":12,"column":78}},"type":"if","locations":[{"start":{"line":12,"column":4},"end":{"line":12,"column":78}},{"start":{"line":12,"column":4},"end":{"line":12,"column":78}}],"line":12},"1":{"loc":{"start":{"line":19,"column":4},"end":{"line":19,"column":68}},"type":"if","locations":[{"start":{"line":19,"column":4},"end":{"line":19,"column":68}},{"start":{"line":19,"column":4},"end":{"line":19,"column":68}}],"line":19},"2":{"loc":{"start":{"line":28,"column":4},"end":{"line":28,"column":69}},"type":"if","locations":[{"start":{"line":28,"column":4},"end":{"line":28,"column":69}},{"start":{"line":28,"column":4},"end":{"line":28,"column":69}}],"line":28},"3":{"loc":{"start":{"line":32,"column":4},"end":{"line":32,"column":86}},"type":"if","locations":[{"start":{"line":32,"column":4},"end":{"line":32,"column":86}},{"start":{"line":32,"column":4},"end":{"line":32,"column":86}}],"line":32},"4":{"loc":{"start":{"line":40,"column":4},"end":{"line":40,"column":95}},"type":"if","locations":[{"start":{"line":40,"column":4},"end":{"line":40,"column":95}},{"start":{"line":40,"column":4},"end":{"line":40,"column":95}}],"line":40}},"s":{"0":3,"1":3,"2":3,"3":1,"4":1,"5":3,"6":2,"7":2,"8":1,"9":1,"10":3,"11":5,"12":5,"13":2,"14":3,"15":3,"16":3,"17":3,"18":5,"19":5,"20":2,"21":3,"22":3,"23":1,"24":2,"25":3,"26":3,"27":3,"28":1,"29":2},"f":{"0":1,"1":2,"2":5,"3":5,"4":3},"b":{"0":[1,1],"1":[2,3],"2":[2,3],"3":[1,2],"4":[1,2]},"_coverageSchema":"1a1c01bbd47fc00a2c39e90264f33305004495a9","hash":"3908d6d1f52db1e3d513763e66fe5d606d9503a0"}
,"/home/canhdinh/Documents/WorkSpace/NodeJs/CodeWithMosh/Exercise/vidly-demo/controller/movieCtl.js": {"path":"/home/canhdinh/Documents/WorkSpace/NodeJs/CodeWithMosh/Exercise/vidly-demo/controller/movieCtl.js","statementMap":{"0":{"start":{"line":1,"column":26},"end":{"line":1,"column":52}},"1":{"start":{"line":2,"column":16},"end":{"line":2,"column":42}},"2":{"start":{"line":5,"column":0},"end":{"line":10,"column":1}},"3":{"start":{"line":6,"column":19},"end":{"line":8,"column":22}},"4":{"start":{"line":9,"column":4},"end":{"line":9,"column":21}},"5":{"start":{"line":13,"column":0},"end":{"line":32,"column":1}},"6":{"start":{"line":14,"column":20},"end":{"line":14,"column":38}},"7":{"start":{"line":15,"column":4},"end":{"line":15,"column":68}},"8":{"start":{"line":15,"column":14},"end":{"line":15,"column":68}},"9":{"start":{"line":17,"column":18},"end":{"line":17,"column":56}},"10":{"start":{"line":18,"column":4},"end":{"line":18,"column":63}},"11":{"start":{"line":18,"column":15},"end":{"line":18,"column":63}},"12":{"start":{"line":20,"column":16},"end":{"line":28,"column":6}},"13":{"start":{"line":30,"column":4},"end":{"line":30,"column":31}},"14":{"start":{"line":31,"column":4},"end":{"line":31,"column":20}}},"fnMap":{"0":{"name":"(anonymous_0)","decl":{"start":{"line":5,"column":20},"end":{"line":5,"column":21}},"loc":{"start":{"line":5,"column":40},"end":{"line":10,"column":1}},"line":5},"1":{"name":"(anonymous_1)","decl":{"start":{"line":13,"column":20},"end":{"line":13,"column":21}},"loc":{"start":{"line":13,"column":40},"end":{"line":32,"column":1}},"line":13}},"branchMap":{"0":{"loc":{"start":{"line":15,"column":4},"end":{"line":15,"column":68}},"type":"if","locations":[{"start":{"line":15,"column":4},"end":{"line":15,"column":68}},{"start":{"line":15,"column":4},"end":{"line":15,"column":68}}],"line":15},"1":{"loc":{"start":{"line":18,"column":4},"end":{"line":18,"column":63}},"type":"if","locations":[{"start":{"line":18,"column":4},"end":{"line":18,"column":63}},{"start":{"line":18,"column":4},"end":{"line":18,"column":63}}],"line":18}},"s":{"0":3,"1":3,"2":3,"3":0,"4":0,"5":3,"6":0,"7":0,"8":0,"9":0,"10":0,"11":0,"12":0,"13":0,"14":0},"f":{"0":0,"1":0},"b":{"0":[0,0],"1":[0,0]},"_coverageSchema":"1a1c01bbd47fc00a2c39e90264f33305004495a9","hash":"b0f7e74f0233562fce84fd2431f3d8f7b3fcfbb6"}
,"/home/canhdinh/Documents/WorkSpace/NodeJs/CodeWithMosh/Exercise/vidly-demo/controller/rentalCtl.js": {"path":"/home/canhdinh/Documents/WorkSpace/NodeJs/CodeWithMosh/Exercise/vidly-demo/controller/rentalCtl.js","statementMap":{"0":{"start":{"line":1,"column":29},"end":{"line":1,"column":56}},"1":{"start":{"line":2,"column":18},"end":{"line":2,"column":44}},"2":{"start":{"line":3,"column":21},"end":{"line":3,"column":50}},"3":{"start":{"line":5,"column":19},"end":{"line":5,"column":38}},"4":{"start":{"line":7,"column":17},"end":{"line":7,"column":43}},"5":{"start":{"line":11,"column":0},"end":{"line":16,"column":1}},"6":{"start":{"line":12,"column":20},"end":{"line":14,"column":29}},"7":{"start":{"line":15,"column":4},"end":{"line":15,"column":22}},"8":{"start":{"line":18,"column":0},"end":{"line":24,"column":1}},"9":{"start":{"line":19,"column":19},"end":{"line":19,"column":55}},"10":{"start":{"line":21,"column":4},"end":{"line":21,"column":92}},"11":{"start":{"line":21,"column":17},"end":{"line":21,"column":92}},"12":{"start":{"line":23,"column":4},"end":{"line":23,"column":21}},"13":{"start":{"line":27,"column":0},"end":{"line":81,"column":1}},"14":{"start":{"line":28,"column":22},"end":{"line":28,"column":40}},"15":{"start":{"line":29,"column":4},"end":{"line":29,"column":69}},"16":{"start":{"line":29,"column":15},"end":{"line":29,"column":69}},"17":{"start":{"line":31,"column":21},"end":{"line":31,"column":65}},"18":{"start":{"line":32,"column":4},"end":{"line":32,"column":68}},"19":{"start":{"line":32,"column":19},"end":{"line":32,"column":68}},"20":{"start":{"line":34,"column":18},"end":{"line":34,"column":56}},"21":{"start":{"line":35,"column":4},"end":{"line":35,"column":62}},"22":{"start":{"line":35,"column":16},"end":{"line":35,"column":62}},"23":{"start":{"line":37,"column":4},"end":{"line":37,"column":86}},"24":{"start":{"line":37,"column":35},"end":{"line":37,"column":86}},"25":{"start":{"line":41,"column":20},"end":{"line":41,"column":49}},"26":{"start":{"line":44,"column":31},"end":{"line":48,"column":7}},"27":{"start":{"line":52,"column":4},"end":{"line":80,"column":5}},"28":{"start":{"line":53,"column":8},"end":{"line":73,"column":31}},"29":{"start":{"line":54,"column":25},"end":{"line":65,"column":16}},"30":{"start":{"line":67,"column":12},"end":{"line":67,"column":41}},"31":{"start":{"line":69,"column":12},"end":{"line":69,"column":34}},"32":{"start":{"line":70,"column":12},"end":{"line":70,"column":31}},"33":{"start":{"line":72,"column":12},"end":{"line":72,"column":29}},"34":{"start":{"line":75,"column":8},"end":{"line":75,"column":39}},"35":{"start":{"line":76,"column":8},"end":{"line":76,"column":66}},"36":{"start":{"line":78,"column":8},"end":{"line":78,"column":35}},"37":{"start":{"line":79,"column":8},"end":{"line":79,"column":29}}},"fnMap":{"0":{"name":"(anonymous_0)","decl":{"start":{"line":11,"column":21},"end":{"line":11,"column":22}},"loc":{"start":{"line":11,"column":41},"end":{"line":16,"column":1}},"line":11},"1":{"name":"(anonymous_1)","decl":{"start":{"line":18,"column":24},"end":{"line":18,"column":25}},"loc":{"start":{"line":18,"column":44},"end":{"line":24,"column":1}},"line":18},"2":{"name":"(anonymous_2)","decl":{"start":{"line":27,"column":21},"end":{"line":27,"column":22}},"loc":{"start":{"line":27,"column":41},"end":{"line":81,"column":1}},"line":27},"3":{"name":"(anonymous_3)","decl":{"start":{"line":53,"column":38},"end":{"line":53,"column":39}},"loc":{"start":{"line":53,"column":50},"end":{"line":73,"column":9}},"line":53}},"branchMap":{"0":{"loc":{"start":{"line":21,"column":4},"end":{"line":21,"column":92}},"type":"if","locations":[{"start":{"line":21,"column":4},"end":{"line":21,"column":92}},{"start":{"line":21,"column":4},"end":{"line":21,"column":92}}],"line":21},"1":{"loc":{"start":{"line":29,"column":4},"end":{"line":29,"column":69}},"type":"if","locations":[{"start":{"line":29,"column":4},"end":{"line":29,"column":69}},{"start":{"line":29,"column":4},"end":{"line":29,"column":69}}],"line":29},"2":{"loc":{"start":{"line":32,"column":4},"end":{"line":32,"column":68}},"type":"if","locations":[{"start":{"line":32,"column":4},"end":{"line":32,"column":68}},{"start":{"line":32,"column":4},"end":{"line":32,"column":68}}],"line":32},"3":{"loc":{"start":{"line":35,"column":4},"end":{"line":35,"column":62}},"type":"if","locations":[{"start":{"line":35,"column":4},"end":{"line":35,"column":62}},{"start":{"line":35,"column":4},"end":{"line":35,"column":62}}],"line":35},"4":{"loc":{"start":{"line":37,"column":4},"end":{"line":37,"column":86}},"type":"if","locations":[{"start":{"line":37,"column":4},"end":{"line":37,"column":86}},{"start":{"line":37,"column":4},"end":{"line":37,"column":86}}],"line":37}},"s":{"0":3,"1":3,"2":3,"3":3,"4":3,"5":3,"6":0,"7":0,"8":3,"9":0,"10":0,"11":0,"12":0,"13":3,"14":0,"15":0,"16":0,"17":0,"18":0,"19":0,"20":0,"21":0,"22":0,"23":0,"24":0,"25":0,"26":0,"27":0,"28":0,"29":0,"30":0,"31":0,"32":0,"33":0,"34":0,"35":0,"36":0,"37":0},"f":{"0":0,"1":0,"2":0,"3":0},"b":{"0":[0,0],"1":[0,0],"2":[0,0],"3":[0,0],"4":[0,0]},"_coverageSchema":"1a1c01bbd47fc00a2c39e90264f33305004495a9","hash":"51a480dd6b4a38637ca75f1efd5d225320c232a1"}
,"/home/canhdinh/Documents/WorkSpace/NodeJs/CodeWithMosh/Exercise/vidly-demo/controller/userCtl.js": {"path":"/home/canhdinh/Documents/WorkSpace/NodeJs/CodeWithMosh/Exercise/vidly-demo/controller/userCtl.js","statementMap":{"0":{"start":{"line":1,"column":12},"end":{"line":1,"column":29}},"1":{"start":{"line":2,"column":17},"end":{"line":2,"column":34}},"2":{"start":{"line":3,"column":17},"end":{"line":3,"column":34}},"3":{"start":{"line":4,"column":14},"end":{"line":4,"column":37}},"4":{"start":{"line":6,"column":27},"end":{"line":6,"column":52}},"5":{"start":{"line":8,"column":0},"end":{"line":11,"column":1}},"6":{"start":{"line":9,"column":17},"end":{"line":9,"column":70}},"7":{"start":{"line":10,"column":4},"end":{"line":10,"column":19}},"8":{"start":{"line":13,"column":0},"end":{"line":30,"column":1}},"9":{"start":{"line":14,"column":20},"end":{"line":14,"column":38}},"10":{"start":{"line":15,"column":4},"end":{"line":15,"column":68}},"11":{"start":{"line":15,"column":14},"end":{"line":15,"column":68}},"12":{"start":{"line":17,"column":15},"end":{"line":17,"column":58}},"13":{"start":{"line":18,"column":4},"end":{"line":18,"column":69}},"14":{"start":{"line":18,"column":13},"end":{"line":18,"column":69}},"15":{"start":{"line":20,"column":4},"end":{"line":20,"column":69}},"16":{"start":{"line":23,"column":17},"end":{"line":23,"column":39}},"17":{"start":{"line":24,"column":4},"end":{"line":24,"column":61}},"18":{"start":{"line":26,"column":4},"end":{"line":26,"column":21}},"19":{"start":{"line":28,"column":18},"end":{"line":28,"column":42}},"20":{"start":{"line":29,"column":4},"end":{"line":29,"column":83}}},"fnMap":{"0":{"name":"(anonymous_0)","decl":{"start":{"line":8,"column":25},"end":{"line":8,"column":26}},"loc":{"start":{"line":8,"column":44},"end":{"line":11,"column":1}},"line":8},"1":{"name":"(anonymous_1)","decl":{"start":{"line":13,"column":29},"end":{"line":13,"column":30}},"loc":{"start":{"line":13,"column":49},"end":{"line":30,"column":1}},"line":13}},"branchMap":{"0":{"loc":{"start":{"line":15,"column":4},"end":{"line":15,"column":68}},"type":"if","locations":[{"start":{"line":15,"column":4},"end":{"line":15,"column":68}},{"start":{"line":15,"column":4},"end":{"line":15,"column":68}}],"line":15},"1":{"loc":{"start":{"line":18,"column":4},"end":{"line":18,"column":69}},"type":"if","locations":[{"start":{"line":18,"column":4},"end":{"line":18,"column":69}},{"start":{"line":18,"column":4},"end":{"line":18,"column":69}}],"line":18}},"s":{"0":3,"1":3,"2":3,"3":3,"4":3,"5":3,"6":0,"7":0,"8":3,"9":0,"10":0,"11":0,"12":0,"13":0,"14":0,"15":0,"16":0,"17":0,"18":0,"19":0,"20":0},"f":{"0":0,"1":0},"b":{"0":[0,0],"1":[0,0]},"_coverageSchema":"1a1c01bbd47fc00a2c39e90264f33305004495a9","hash":"43ceeb5cc0da9a7acad6839f35efd23dc593b6b4"}
,"/home/canhdinh/Documents/WorkSpace/NodeJs/CodeWithMosh/Exercise/vidly-demo/middleware/admin.js": {"path":"/home/canhdinh/Documents/WorkSpace/NodeJs/CodeWithMosh/Exercise/vidly-demo/middleware/admin.js","statementMap":{"0":{"start":{"line":1,"column":0},"end":{"line":5,"column":1}},"1":{"start":{"line":2,"column":4},"end":{"line":2,"column":72}},"2":{"start":{"line":2,"column":26},"end":{"line":2,"column":72}},"3":{"start":{"line":4,"column":4},"end":{"line":4,"column":11}}},"fnMap":{"0":{"name":"(anonymous_0)","decl":{"start":{"line":1,"column":17},"end":{"line":1,"column":18}},"loc":{"start":{"line":1,"column":43},"end":{"line":5,"column":1}},"line":1}},"branchMap":{"0":{"loc":{"start":{"line":2,"column":4},"end":{"line":2,"column":72}},"type":"if","locations":[{"start":{"line":2,"column":4},"end":{"line":2,"column":72}},{"start":{"line":2,"column":4},"end":{"line":2,"column":72}}],"line":2}},"s":{"0":3,"1":4,"2":1,"3":3},"f":{"0":4},"b":{"0":[1,3]},"_coverageSchema":"1a1c01bbd47fc00a2c39e90264f33305004495a9","hash":"aa5d9da7e8b6a2275eae6f88f60f6774863f218f"}
,"/home/canhdinh/Documents/WorkSpace/NodeJs/CodeWithMosh/Exercise/vidly-demo/middleware/authorize.js": {"path":"/home/canhdinh/Documents/WorkSpace/NodeJs/CodeWithMosh/Exercise/vidly-demo/middleware/authorize.js","statementMap":{"0":{"start":{"line":1,"column":14},"end":{"line":1,"column":37}},"1":{"start":{"line":2,"column":17},"end":{"line":2,"column":34}},"2":{"start":{"line":5,"column":18},"end":{"line":5,"column":44}},"3":{"start":{"line":6,"column":4},"end":{"line":6,"column":80}},"4":{"start":{"line":6,"column":15},"end":{"line":6,"column":80}},"5":{"start":{"line":8,"column":4},"end":{"line":14,"column":5}},"6":{"start":{"line":9,"column":31},"end":{"line":9,"column":77}},"7":{"start":{"line":10,"column":8},"end":{"line":10,"column":34}},"8":{"start":{"line":11,"column":8},"end":{"line":11,"column":15}},"9":{"start":{"line":13,"column":8},"end":{"line":13,"column":47}},"10":{"start":{"line":17,"column":0},"end":{"line":17,"column":27}}},"fnMap":{"0":{"name":"authorize","decl":{"start":{"line":4,"column":9},"end":{"line":4,"column":18}},"loc":{"start":{"line":4,"column":33},"end":{"line":15,"column":1}},"line":4}},"branchMap":{"0":{"loc":{"start":{"line":6,"column":4},"end":{"line":6,"column":80}},"type":"if","locations":[{"start":{"line":6,"column":4},"end":{"line":6,"column":80}},{"start":{"line":6,"column":4},"end":{"line":6,"column":80}}],"line":6}},"s":{"0":4,"1":4,"2":20,"3":20,"4":4,"5":16,"6":16,"7":15,"8":15,"9":1,"10":4},"f":{"0":20},"b":{"0":[4,16]},"_coverageSchema":"1a1c01bbd47fc00a2c39e90264f33305004495a9","hash":"1a203f0e91d057afffab2681daad1aac28e23b6f"}
,"/home/canhdinh/Documents/WorkSpace/NodeJs/CodeWithMosh/Exercise/vidly-demo/middleware/error.js": {"path":"/home/canhdinh/Documents/WorkSpace/NodeJs/CodeWithMosh/Exercise/vidly-demo/middleware/error.js","statementMap":{"0":{"start":{"line":1,"column":17},"end":{"line":1,"column":43}},"1":{"start":{"line":3,"column":0},"end":{"line":7,"column":1}},"2":{"start":{"line":4,"column":4},"end":{"line":4,"column":22}},"3":{"start":{"line":6,"column":4},"end":{"line":6,"column":46}}},"fnMap":{"0":{"name":"(anonymous_0)","decl":{"start":{"line":3,"column":17},"end":{"line":3,"column":18}},"loc":{"start":{"line":3,"column":48},"end":{"line":7,"column":1}},"line":3}},"branchMap":{},"s":{"0":3,"1":3,"2":0,"3":0},"f":{"0":0},"b":{},"_coverageSchema":"1a1c01bbd47fc00a2c39e90264f33305004495a9","hash":"1791c145a24e1e243b90221cbe6aa54219dc917e"}
,"/home/canhdinh/Documents/WorkSpace/NodeJs/CodeWithMosh/Exercise/vidly-demo/middleware/validateObjectId.js": {"path":"/home/canhdinh/Documents/WorkSpace/NodeJs/CodeWithMosh/Exercise/vidly-demo/middleware/validateObjectId.js","statementMap":{"0":{"start":{"line":1,"column":17},"end":{"line":1,"column":36}},"1":{"start":{"line":3,"column":0},"end":{"line":6,"column":1}},"2":{"start":{"line":4,"column":4},"end":{"line":4,"column":98}},"3":{"start":{"line":4,"column":56},"end":{"line":4,"column":98}},"4":{"start":{"line":5,"column":4},"end":{"line":5,"column":11}}},"fnMap":{"0":{"name":"(anonymous_0)","decl":{"start":{"line":3,"column":17},"end":{"line":3,"column":18}},"loc":{"start":{"line":3,"column":43},"end":{"line":6,"column":1}},"line":3}},"branchMap":{"0":{"loc":{"start":{"line":4,"column":4},"end":{"line":4,"column":98}},"type":"if","locations":[{"start":{"line":4,"column":4},"end":{"line":4,"column":98}},{"start":{"line":4,"column":4},"end":{"line":4,"column":98}}],"line":4}},"s":{"0":3,"1":3,"2":16,"3":3,"4":13},"f":{"0":16},"b":{"0":[3,13]},"_coverageSchema":"1a1c01bbd47fc00a2c39e90264f33305004495a9","hash":"00e16392ef15525300b9de595b53b4f369c143c6"}
,"/home/canhdinh/Documents/WorkSpace/NodeJs/CodeWithMosh/Exercise/vidly-demo/models/customer.js": {"path":"/home/canhdinh/Documents/WorkSpace/NodeJs/CodeWithMosh/Exercise/vidly-demo/models/customer.js","statementMap":{"0":{"start":{"line":1,"column":12},"end":{"line":1,"column":26}},"1":{"start":{"line":2,"column":0},"end":{"line":2,"column":44}},"2":{"start":{"line":3,"column":17},"end":{"line":3,"column":36}},"3":{"start":{"line":5,"column":17},"end":{"line":22,"column":3}},"4":{"start":{"line":25,"column":19},"end":{"line":29,"column":6}},"5":{"start":{"line":30,"column":4},"end":{"line":30,"column":37}},"6":{"start":{"line":33,"column":0},"end":{"line":33,"column":28}},"7":{"start":{"line":34,"column":0},"end":{"line":34,"column":28}}},"fnMap":{"0":{"name":"validate","decl":{"start":{"line":24,"column":9},"end":{"line":24,"column":17}},"loc":{"start":{"line":24,"column":28},"end":{"line":31,"column":1}},"line":24}},"branchMap":{},"s":{"0":3,"1":3,"2":3,"3":3,"4":0,"5":0,"6":3,"7":3},"f":{"0":0},"b":{},"_coverageSchema":"1a1c01bbd47fc00a2c39e90264f33305004495a9","hash":"ec2e99c65eecb7651e1df5cf2f61771409e8aefa"}
,"/home/canhdinh/Documents/WorkSpace/NodeJs/CodeWithMosh/Exercise/vidly-demo/models/genre.js": {"path":"/home/canhdinh/Documents/WorkSpace/NodeJs/CodeWithMosh/Exercise/vidly-demo/models/genre.js","statementMap":{"0":{"start":{"line":1,"column":17},"end":{"line":1,"column":36}},"1":{"start":{"line":2,"column":12},"end":{"line":2,"column":26}},"2":{"start":{"line":3,"column":0},"end":{"line":3,"column":44}},"3":{"start":{"line":5,"column":20},"end":{"line":12,"column":2}},"4":{"start":{"line":14,"column":14},"end":{"line":14,"column":50}},"5":{"start":{"line":17,"column":19},"end":{"line":19,"column":6}},"6":{"start":{"line":20,"column":4},"end":{"line":20,"column":34}},"7":{"start":{"line":23,"column":0},"end":{"line":23,"column":22}},"8":{"start":{"line":24,"column":0},"end":{"line":24,"column":28}},"9":{"start":{"line":25,"column":0},"end":{"line":25,"column":34}}},"fnMap":{"0":{"name":"validate","decl":{"start":{"line":16,"column":9},"end":{"line":16,"column":17}},"loc":{"start":{"line":16,"column":24},"end":{"line":21,"column":1}},"line":16}},"branchMap":{},"s":{"0":3,"1":3,"2":3,"3":3,"4":3,"5":10,"6":10,"7":3,"8":3,"9":3},"f":{"0":10},"b":{},"_coverageSchema":"1a1c01bbd47fc00a2c39e90264f33305004495a9","hash":"a3856aea0efc1ed713bfa29d9a2059288630802a"}
,"/home/canhdinh/Documents/WorkSpace/NodeJs/CodeWithMosh/Exercise/vidly-demo/models/movie.js": {"path":"/home/canhdinh/Documents/WorkSpace/NodeJs/CodeWithMosh/Exercise/vidly-demo/models/movie.js","statementMap":{"0":{"start":{"line":1,"column":12},"end":{"line":1,"column":26}},"1":{"start":{"line":2,"column":0},"end":{"line":2,"column":44}},"2":{"start":{"line":3,"column":17},"end":{"line":3,"column":36}},"3":{"start":{"line":5,"column":29},"end":{"line":5,"column":47}},"4":{"start":{"line":7,"column":20},"end":{"line":30,"column":2}},"5":{"start":{"line":32,"column":14},"end":{"line":32,"column":50}},"6":{"start":{"line":35,"column":19},"end":{"line":40,"column":6}},"7":{"start":{"line":41,"column":4},"end":{"line":41,"column":34}},"8":{"start":{"line":44,"column":0},"end":{"line":44,"column":22}},"9":{"start":{"line":45,"column":0},"end":{"line":45,"column":28}}},"fnMap":{"0":{"name":"validate","decl":{"start":{"line":34,"column":9},"end":{"line":34,"column":17}},"loc":{"start":{"line":34,"column":25},"end":{"line":42,"column":1}},"line":34}},"branchMap":{},"s":{"0":3,"1":3,"2":3,"3":3,"4":3,"5":3,"6":0,"7":0,"8":3,"9":3},"f":{"0":0},"b":{},"_coverageSchema":"1a1c01bbd47fc00a2c39e90264f33305004495a9","hash":"89954686f1692a929674ccb6aa8e7a053b6d533c"}
,"/home/canhdinh/Documents/WorkSpace/NodeJs/CodeWithMosh/Exercise/vidly-demo/models/rental.js": {"path":"/home/canhdinh/Documents/WorkSpace/NodeJs/CodeWithMosh/Exercise/vidly-demo/models/rental.js","statementMap":{"0":{"start":{"line":1,"column":12},"end":{"line":1,"column":26}},"1":{"start":{"line":2,"column":0},"end":{"line":2,"column":44}},"2":{"start":{"line":3,"column":17},"end":{"line":3,"column":36}},"3":{"start":{"line":5,"column":15},"end":{"line":57,"column":3}},"4":{"start":{"line":60,"column":17},"end":{"line":63,"column":4}},"5":{"start":{"line":65,"column":2},"end":{"line":65,"column":33}},"6":{"start":{"line":68,"column":0},"end":{"line":68,"column":24}},"7":{"start":{"line":69,"column":0},"end":{"line":69,"column":34}}},"fnMap":{"0":{"name":"validateRental","decl":{"start":{"line":59,"column":9},"end":{"line":59,"column":23}},"loc":{"start":{"line":59,"column":32},"end":{"line":66,"column":1}},"line":59}},"branchMap":{},"s":{"0":3,"1":3,"2":3,"3":3,"4":0,"5":0,"6":3,"7":3},"f":{"0":0},"b":{},"_coverageSchema":"1a1c01bbd47fc00a2c39e90264f33305004495a9","hash":"700d4d32e0b6e54fda3406563a65b071d8bf5ada"}
,"/home/canhdinh/Documents/WorkSpace/NodeJs/CodeWithMosh/Exercise/vidly-demo/models/user.js": {"path":"/home/canhdinh/Documents/WorkSpace/NodeJs/CodeWithMosh/Exercise/vidly-demo/models/user.js","statementMap":{"0":{"start":{"line":1,"column":14},"end":{"line":1,"column":28}},"1":{"start":{"line":3,"column":17},"end":{"line":3,"column":36}},"2":{"start":{"line":4,"column":12},"end":{"line":4,"column":35}},"3":{"start":{"line":5,"column":15},"end":{"line":5,"column":32}},"4":{"start":{"line":7,"column":0},"end":{"line":7,"column":44}},"5":{"start":{"line":9,"column":19},"end":{"line":30,"column":2}},"6":{"start":{"line":34,"column":0},"end":{"line":37,"column":1}},"7":{"start":{"line":35,"column":18},"end":{"line":35,"column":96}},"8":{"start":{"line":36,"column":4},"end":{"line":36,"column":17}},"9":{"start":{"line":39,"column":13},"end":{"line":39,"column":47}},"10":{"start":{"line":42,"column":19},"end":{"line":46,"column":6}},"11":{"start":{"line":48,"column":4},"end":{"line":48,"column":33}},"12":{"start":{"line":51,"column":0},"end":{"line":51,"column":28}},"13":{"start":{"line":52,"column":0},"end":{"line":52,"column":20}}},"fnMap":{"0":{"name":"(anonymous_0)","decl":{"start":{"line":34,"column":39},"end":{"line":34,"column":40}},"loc":{"start":{"line":34,"column":50},"end":{"line":37,"column":1}},"line":34},"1":{"name":"validate","decl":{"start":{"line":41,"column":9},"end":{"line":41,"column":17}},"loc":{"start":{"line":41,"column":24},"end":{"line":49,"column":1}},"line":41}},"branchMap":{},"s":{"0":5,"1":5,"2":5,"3":5,"4":5,"5":5,"6":5,"7":24,"8":24,"9":5,"10":0,"11":0,"12":5,"13":5},"f":{"0":24,"1":0},"b":{},"_coverageSchema":"1a1c01bbd47fc00a2c39e90264f33305004495a9","hash":"03e306e896a6d7d556c793caf422b3068b1a087d"}
,"/home/canhdinh/Documents/WorkSpace/NodeJs/CodeWithMosh/Exercise/vidly-demo/routes/auth.js": {"path":"/home/canhdinh/Documents/WorkSpace/NodeJs/CodeWithMosh/Exercise/vidly-demo/routes/auth.js","statementMap":{"0":{"start":{"line":1,"column":30},"end":{"line":1,"column":62}},"1":{"start":{"line":3,"column":18},"end":{"line":3,"column":36}},"2":{"start":{"line":4,"column":17},"end":{"line":4,"column":33}},"3":{"start":{"line":6,"column":0},"end":{"line":6,"column":34}},"4":{"start":{"line":8,"column":0},"end":{"line":8,"column":24}}},"fnMap":{},"branchMap":{},"s":{"0":3,"1":3,"2":3,"3":3,"4":3},"f":{},"b":{},"_coverageSchema":"1a1c01bbd47fc00a2c39e90264f33305004495a9","hash":"e52dc3f22fe8979399db7d8d553215bcbd00d0f5"}
,"/home/canhdinh/Documents/WorkSpace/NodeJs/CodeWithMosh/Exercise/vidly-demo/routes/customers.js": {"path":"/home/canhdinh/Documents/WorkSpace/NodeJs/CodeWithMosh/Exercise/vidly-demo/routes/customers.js","statementMap":{"0":{"start":{"line":5,"column":31},"end":{"line":5,"column":67}},"1":{"start":{"line":7,"column":16},"end":{"line":7,"column":34}},"2":{"start":{"line":8,"column":15},"end":{"line":8,"column":31}},"3":{"start":{"line":10,"column":0},"end":{"line":10,"column":30}},"4":{"start":{"line":12,"column":0},"end":{"line":12,"column":36}},"5":{"start":{"line":14,"column":0},"end":{"line":14,"column":31}},"6":{"start":{"line":16,"column":0},"end":{"line":16,"column":36}},"7":{"start":{"line":18,"column":0},"end":{"line":18,"column":42}},"8":{"start":{"line":20,"column":0},"end":{"line":20,"column":24}}},"fnMap":{},"branchMap":{},"s":{"0":3,"1":3,"2":3,"3":3,"4":3,"5":3,"6":3,"7":3,"8":3},"f":{},"b":{},"_coverageSchema":"1a1c01bbd47fc00a2c39e90264f33305004495a9","hash":"06abe93d7cee93d2bc2ecf5b477c7d376eaa32e3"}
,"/home/canhdinh/Documents/WorkSpace/NodeJs/CodeWithMosh/Exercise/vidly-demo/routes/genres.js": {"path":"/home/canhdinh/Documents/WorkSpace/NodeJs/CodeWithMosh/Exercise/vidly-demo/routes/genres.js","statementMap":{"0":{"start":{"line":5,"column":28},"end":{"line":5,"column":61}},"1":{"start":{"line":7,"column":20},"end":{"line":7,"column":54}},"2":{"start":{"line":8,"column":21},"end":{"line":8,"column":51}},"3":{"start":{"line":9,"column":27},"end":{"line":9,"column":68}},"4":{"start":{"line":11,"column":16},"end":{"line":11,"column":34}},"5":{"start":{"line":12,"column":15},"end":{"line":12,"column":31}},"6":{"start":{"line":14,"column":0},"end":{"line":14,"column":27}},"7":{"start":{"line":16,"column":0},"end":{"line":16,"column":50}},"8":{"start":{"line":18,"column":0},"end":{"line":18,"column":39}},"9":{"start":{"line":20,"column":0},"end":{"line":20,"column":61}},"10":{"start":{"line":22,"column":0},"end":{"line":22,"column":80}},"11":{"start":{"line":24,"column":0},"end":{"line":24,"column":24}}},"fnMap":{},"branchMap":{},"s":{"0":3,"1":3,"2":3,"3":3,"4":3,"5":3,"6":3,"7":3,"8":3,"9":3,"10":3,"11":3},"f":{},"b":{},"_coverageSchema":"1a1c01bbd47fc00a2c39e90264f33305004495a9","hash":"c6de3bd2a53a7dfa1db75edc8dd3fb4c93d879fb"}
,"/home/canhdinh/Documents/WorkSpace/NodeJs/CodeWithMosh/Exercise/vidly-demo/routes/home.js": {"path":"/home/canhdinh/Documents/WorkSpace/NodeJs/CodeWithMosh/Exercise/vidly-demo/routes/home.js","statementMap":{"0":{"start":{"line":1,"column":16},"end":{"line":1,"column":34}},"1":{"start":{"line":2,"column":15},"end":{"line":2,"column":31}},"2":{"start":{"line":4,"column":0},"end":{"line":6,"column":3}},"3":{"start":{"line":5,"column":4},"end":{"line":5,"column":40}},"4":{"start":{"line":8,"column":0},"end":{"line":8,"column":24}}},"fnMap":{"0":{"name":"(anonymous_0)","decl":{"start":{"line":4,"column":16},"end":{"line":4,"column":17}},"loc":{"start":{"line":4,"column":30},"end":{"line":6,"column":1}},"line":4}},"branchMap":{},"s":{"0":3,"1":3,"2":3,"3":0,"4":3},"f":{"0":0},"b":{},"_coverageSchema":"1a1c01bbd47fc00a2c39e90264f33305004495a9","hash":"0313b74b4f5420eb2dc824a6496da505697d40e7"}
,"/home/canhdinh/Documents/WorkSpace/NodeJs/CodeWithMosh/Exercise/vidly-demo/routes/movies.js": {"path":"/home/canhdinh/Documents/WorkSpace/NodeJs/CodeWithMosh/Exercise/vidly-demo/routes/movies.js","statementMap":{"0":{"start":{"line":1,"column":31},"end":{"line":1,"column":64}},"1":{"start":{"line":3,"column":16},"end":{"line":3,"column":34}},"2":{"start":{"line":4,"column":15},"end":{"line":4,"column":31}},"3":{"start":{"line":6,"column":0},"end":{"line":6,"column":27}},"4":{"start":{"line":8,"column":0},"end":{"line":8,"column":28}},"5":{"start":{"line":10,"column":0},"end":{"line":10,"column":24}}},"fnMap":{},"branchMap":{},"s":{"0":3,"1":3,"2":3,"3":3,"4":3,"5":3},"f":{},"b":{},"_coverageSchema":"1a1c01bbd47fc00a2c39e90264f33305004495a9","hash":"0a1a41b16443612dccc3e4ddba815e24f4ea9206"}
,"/home/canhdinh/Documents/WorkSpace/NodeJs/CodeWithMosh/Exercise/vidly-demo/routes/rentals.js": {"path":"/home/canhdinh/Documents/WorkSpace/NodeJs/CodeWithMosh/Exercise/vidly-demo/routes/rentals.js","statementMap":{"0":{"start":{"line":3,"column":25},"end":{"line":3,"column":59}},"1":{"start":{"line":5,"column":25},"end":{"line":5,"column":66}},"2":{"start":{"line":7,"column":18},"end":{"line":7,"column":36}},"3":{"start":{"line":8,"column":17},"end":{"line":8,"column":33}},"4":{"start":{"line":10,"column":0},"end":{"line":10,"column":28}},"5":{"start":{"line":12,"column":0},"end":{"line":12,"column":29}},"6":{"start":{"line":14,"column":0},"end":{"line":14,"column":34}},"7":{"start":{"line":16,"column":0},"end":{"line":16,"column":24}}},"fnMap":{},"branchMap":{},"s":{"0":3,"1":3,"2":3,"3":3,"4":3,"5":3,"6":3,"7":3},"f":{},"b":{},"_coverageSchema":"1a1c01bbd47fc00a2c39e90264f33305004495a9","hash":"719ac2772c82315eb832cfb4608d20325de4982e"}
,"/home/canhdinh/Documents/WorkSpace/NodeJs/CodeWithMosh/Exercise/vidly-demo/routes/users.js": {"path":"/home/canhdinh/Documents/WorkSpace/NodeJs/CodeWithMosh/Exercise/vidly-demo/routes/users.js","statementMap":{"0":{"start":{"line":1,"column":47},"end":{"line":1,"column":79}},"1":{"start":{"line":3,"column":20},"end":{"line":3,"column":54}},"2":{"start":{"line":5,"column":18},"end":{"line":5,"column":36}},"3":{"start":{"line":6,"column":17},"end":{"line":6,"column":33}},"4":{"start":{"line":8,"column":0},"end":{"line":8,"column":44}},"5":{"start":{"line":10,"column":0},"end":{"line":10,"column":37}},"6":{"start":{"line":12,"column":0},"end":{"line":12,"column":24}}},"fnMap":{},"branchMap":{},"s":{"0":3,"1":3,"2":3,"3":3,"4":3,"5":3,"6":3},"f":{},"b":{},"_coverageSchema":"1a1c01bbd47fc00a2c39e90264f33305004495a9","hash":"e3304dc322fbef36a407def610cb86856e80899a"}
,"/home/canhdinh/Documents/WorkSpace/NodeJs/CodeWithMosh/Exercise/vidly-demo/startup/config.js": {"path":"/home/canhdinh/Documents/WorkSpace/NodeJs/CodeWithMosh/Exercise/vidly-demo/startup/config.js","statementMap":{"0":{"start":{"line":1,"column":15},"end":{"line":1,"column":32}},"1":{"start":{"line":3,"column":0},"end":{"line":7,"column":1}},"2":{"start":{"line":4,"column":4},"end":{"line":6,"column":5}},"3":{"start":{"line":5,"column":8},"end":{"line":5,"column":69}}},"fnMap":{"0":{"name":"(anonymous_0)","decl":{"start":{"line":3,"column":17},"end":{"line":3,"column":18}},"loc":{"start":{"line":3,"column":28},"end":{"line":7,"column":1}},"line":3}},"branchMap":{"0":{"loc":{"start":{"line":4,"column":4},"end":{"line":6,"column":5}},"type":"if","locations":[{"start":{"line":4,"column":4},"end":{"line":6,"column":5}},{"start":{"line":4,"column":4},"end":{"line":6,"column":5}}],"line":4}},"s":{"0":3,"1":3,"2":3,"3":0},"f":{"0":3},"b":{"0":[0,3]},"_coverageSchema":"1a1c01bbd47fc00a2c39e90264f33305004495a9","hash":"1b0c1fb3ac5bab5a555a54093a4e10d5867cdbdb"}
,"/home/canhdinh/Documents/WorkSpace/NodeJs/CodeWithMosh/Exercise/vidly-demo/startup/db.js": {"path":"/home/canhdinh/Documents/WorkSpace/NodeJs/CodeWithMosh/Exercise/vidly-demo/startup/db.js","statementMap":{"0":{"start":{"line":1,"column":17},"end":{"line":1,"column":36}},"1":{"start":{"line":2,"column":17},"end":{"line":2,"column":43}},"2":{"start":{"line":3,"column":15},"end":{"line":3,"column":32}},"3":{"start":{"line":5,"column":0},"end":{"line":10,"column":1}},"4":{"start":{"line":6,"column":15},"end":{"line":6,"column":31}},"5":{"start":{"line":8,"column":4},"end":{"line":9,"column":54}},"6":{"start":{"line":9,"column":16},"end":{"line":9,"column":52}}},"fnMap":{"0":{"name":"(anonymous_0)","decl":{"start":{"line":5,"column":17},"end":{"line":5,"column":18}},"loc":{"start":{"line":5,"column":28},"end":{"line":10,"column":1}},"line":5},"1":{"name":"(anonymous_1)","decl":{"start":{"line":9,"column":10},"end":{"line":9,"column":11}},"loc":{"start":{"line":9,"column":16},"end":{"line":9,"column":52}},"line":9}},"branchMap":{},"s":{"0":3,"1":3,"2":3,"3":3,"4":3,"5":3,"6":3},"f":{"0":3,"1":3},"b":{},"_coverageSchema":"1a1c01bbd47fc00a2c39e90264f33305004495a9","hash":"d36aed02bf239569316b5f711f39bd7d7c9f9d51"}
,"/home/canhdinh/Documents/WorkSpace/NodeJs/CodeWithMosh/Exercise/vidly-demo/startup/routes.js": {"path":"/home/canhdinh/Documents/WorkSpace/NodeJs/CodeWithMosh/Exercise/vidly-demo/startup/routes.js","statementMap":{"0":{"start":{"line":2,"column":16},"end":{"line":2,"column":34}},"1":{"start":{"line":4,"column":13},"end":{"line":4,"column":38}},"2":{"start":{"line":5,"column":15},"end":{"line":5,"column":42}},"3":{"start":{"line":6,"column":18},"end":{"line":6,"column":48}},"4":{"start":{"line":7,"column":15},"end":{"line":7,"column":42}},"5":{"start":{"line":8,"column":16},"end":{"line":8,"column":44}},"6":{"start":{"line":9,"column":6},"end":{"line":10,"column":39}},"7":{"start":{"line":12,"column":14},"end":{"line":12,"column":44}},"8":{"start":{"line":14,"column":0},"end":{"line":24,"column":1}},"9":{"start":{"line":15,"column":4},"end":{"line":15,"column":28}},"10":{"start":{"line":16,"column":4},"end":{"line":16,"column":31}},"11":{"start":{"line":17,"column":4},"end":{"line":17,"column":33}},"12":{"start":{"line":18,"column":4},"end":{"line":18,"column":37}},"13":{"start":{"line":19,"column":4},"end":{"line":19,"column":35}},"14":{"start":{"line":20,"column":4},"end":{"line":20,"column":41}},"15":{"start":{"line":21,"column":4},"end":{"line":21,"column":35}},"16":{"start":{"line":22,"column":4},"end":{"line":22,"column":23}},"17":{"start":{"line":23,"column":4},"end":{"line":23,"column":19}}},"fnMap":{"0":{"name":"(anonymous_0)","decl":{"start":{"line":14,"column":17},"end":{"line":14,"column":18}},"loc":{"start":{"line":14,"column":32},"end":{"line":24,"column":1}},"line":14}},"branchMap":{},"s":{"0":3,"1":3,"2":3,"3":3,"4":3,"5":3,"6":3,"7":3,"8":3,"9":3,"10":3,"11":3,"12":3,"13":3,"14":3,"15":3,"16":3,"17":3},"f":{"0":3},"b":{},"_coverageSchema":"1a1c01bbd47fc00a2c39e90264f33305004495a9","hash":"e5065ae28760e22d507192498da38469ebdbb289"}
,"/home/canhdinh/Documents/WorkSpace/NodeJs/CodeWithMosh/Exercise/vidly-demo/startup/validation.js": {"path":"/home/canhdinh/Documents/WorkSpace/NodeJs/CodeWithMosh/Exercise/vidly-demo/startup/validation.js","statementMap":{"0":{"start":{"line":1,"column":12},"end":{"line":1,"column":26}},"1":{"start":{"line":3,"column":0},"end":{"line":5,"column":1}},"2":{"start":{"line":4,"column":4},"end":{"line":4,"column":47}}},"fnMap":{"0":{"name":"(anonymous_0)","decl":{"start":{"line":3,"column":17},"end":{"line":3,"column":18}},"loc":{"start":{"line":3,"column":28},"end":{"line":5,"column":1}},"line":3}},"branchMap":{},"s":{"0":3,"1":3,"2":3},"f":{"0":3},"b":{},"_coverageSchema":"1a1c01bbd47fc00a2c39e90264f33305004495a9","hash":"1b61c9360be75e091fcb0aabc0691eee4d5878ed"}
,"/home/canhdinh/Documents/WorkSpace/NodeJs/CodeWithMosh/Exercise/vidly-demo/utils/logger.js": {"path":"/home/canhdinh/Documents/WorkSpace/NodeJs/CodeWithMosh/Exercise/vidly-demo/utils/logger.js","statementMap":{"0":{"start":{"line":1,"column":16},"end":{"line":1,"column":34}},"1":{"start":{"line":2,"column":0},"end":{"line":2,"column":27}},"2":{"start":{"line":4,"column":0},"end":{"line":4,"column":32}},"3":{"start":{"line":6,"column":0},"end":{"line":47,"column":3}}},"fnMap":{},"branchMap":{},"s":{"0":3,"1":3,"2":3,"3":3},"f":{},"b":{},"_coverageSchema":"1a1c01bbd47fc00a2c39e90264f33305004495a9","hash":"c50635b8479f557320715995e7d2e8c3d0442667"}
}
