TN:
SF:index.js
FN:13,(anonymous_0)
FNF:1
FNH:1
FNDA:3,(anonymous_0)
DA:1,3
DA:2,3
DA:4,3
DA:6,3
DA:7,3
DA:8,3
DA:9,3
DA:11,3
DA:13,3
DA:15,3
LF:10
LH:10
BRDA:11,0,0,3
BRDA:11,0,1,3
BRF:2
BRH:2
end_of_record
TN:
SF:controller/authCtl.js
FN:10,(anonymous_0)
FN:26,validate
FNF:2
FNH:0
FNDA:0,(anonymous_0)
FNDA:0,validate
DA:1,3
DA:2,3
DA:3,3
DA:4,3
DA:6,3
DA:8,3
DA:10,3
DA:11,0
DA:12,0
DA:14,0
DA:15,0
DA:17,0
DA:18,0
DA:20,0
DA:22,0
DA:27,0
DA:32,0
LF:17
LH:7
BRDA:12,0,0,0
BRDA:12,0,1,0
BRDA:15,1,0,0
BRDA:15,1,1,0
BRDA:18,2,0,0
BRDA:18,2,1,0
BRF:6
BRH:0
end_of_record
TN:
SF:controller/customerCtl.js
FN:3,(anonymous_0)
FN:10,(anonymous_1)
FN:16,(anonymous_2)
FN:29,(anonymous_3)
FN:45,(anonymous_4)
FNF:5
FNH:0
FNDA:0,(anonymous_0)
FNDA:0,(anonymous_1)
FNDA:0,(anonymous_2)
FNDA:0,(anonymous_3)
FNDA:0,(anonymous_4)
DA:1,3
DA:3,3
DA:4,0
DA:7,0
DA:10,3
DA:11,0
DA:13,0
DA:16,3
DA:17,0
DA:18,0
DA:20,0
DA:25,0
DA:26,0
DA:29,3
DA:30,0
DA:31,0
DA:33,0
DA:40,0
DA:42,0
DA:45,3
DA:46,0
DA:47,0
DA:48,0
LF:23
LH:6
BRDA:18,0,0,0
BRDA:18,0,1,0
BRDA:31,1,0,0
BRDA:31,1,1,0
BRDA:40,2,0,0
BRDA:40,2,1,0
BRDA:47,3,0,0
BRDA:47,3,1,0
BRF:8
BRH:0
end_of_record
TN:
SF:controller/genreCtl.js
FN:4,(anonymous_0)
FN:9,(anonymous_1)
FN:17,(anonymous_2)
FN:26,(anonymous_3)
FN:37,(anonymous_4)
FNF:5
FNH:5
FNDA:1,(anonymous_0)
FNDA:2,(anonymous_1)
FNDA:5,(anonymous_2)
FNDA:5,(anonymous_3)
FNDA:3,(anonymous_4)
DA:1,3
DA:2,3
DA:4,3
DA:5,1
DA:6,1
DA:9,3
DA:10,2
DA:12,2
DA:14,1
DA:17,3
DA:18,5
DA:19,5
DA:21,3
DA:22,3
DA:23,3
DA:26,3
DA:27,5
DA:28,5
DA:30,3
DA:32,3
DA:34,2
DA:37,3
DA:38,3
DA:40,3
DA:42,2
LF:25
LH:25
BRDA:12,0,0,1
BRDA:12,0,1,1
BRDA:19,1,0,2
BRDA:19,1,1,3
BRDA:28,2,0,2
BRDA:28,2,1,3
BRDA:32,3,0,1
BRDA:32,3,1,2
BRDA:40,4,0,1
BRDA:40,4,1,2
BRF:10
BRH:10
end_of_record
TN:
SF:controller/movieCtl.js
FN:5,(anonymous_0)
FN:13,(anonymous_1)
FNF:2
FNH:0
FNDA:0,(anonymous_0)
FNDA:0,(anonymous_1)
DA:1,3
DA:2,3
DA:5,3
DA:6,0
DA:9,0
DA:13,3
DA:14,0
DA:15,0
DA:17,0
DA:18,0
DA:20,0
DA:30,0
DA:31,0
LF:13
LH:4
BRDA:15,0,0,0
BRDA:15,0,1,0
BRDA:18,1,0,0
BRDA:18,1,1,0
BRF:4
BRH:0
end_of_record
TN:
SF:controller/rentalCtl.js
FN:11,(anonymous_0)
FN:18,(anonymous_1)
FN:27,(anonymous_2)
FN:53,(anonymous_3)
FNF:4
FNH:0
FNDA:0,(anonymous_0)
FNDA:0,(anonymous_1)
FNDA:0,(anonymous_2)
FNDA:0,(anonymous_3)
DA:1,3
DA:2,3
DA:3,3
DA:5,3
DA:7,3
DA:11,3
DA:12,0
DA:15,0
DA:18,3
DA:19,0
DA:21,0
DA:23,0
DA:27,3
DA:28,0
DA:29,0
DA:31,0
DA:32,0
DA:34,0
DA:35,0
DA:37,0
DA:41,0
DA:44,0
DA:52,0
DA:53,0
DA:54,0
DA:67,0
DA:69,0
DA:70,0
DA:72,0
DA:75,0
DA:76,0
DA:78,0
DA:79,0
LF:33
LH:8
BRDA:21,0,0,0
BRDA:21,0,1,0
BRDA:29,1,0,0
BRDA:29,1,1,0
BRDA:32,2,0,0
BRDA:32,2,1,0
BRDA:35,3,0,0
BRDA:35,3,1,0
BRDA:37,4,0,0
BRDA:37,4,1,0
BRF:10
BRH:0
end_of_record
TN:
SF:controller/userCtl.js
FN:8,(anonymous_0)
FN:13,(anonymous_1)
FNF:2
FNH:0
FNDA:0,(anonymous_0)
FNDA:0,(anonymous_1)
DA:1,3
DA:2,3
DA:3,3
DA:4,3
DA:6,3
DA:8,3
DA:9,0
DA:10,0
DA:13,3
DA:14,0
DA:15,0
DA:17,0
DA:18,0
DA:20,0
DA:23,0
DA:24,0
DA:26,0
DA:28,0
DA:29,0
LF:19
LH:7
BRDA:15,0,0,0
BRDA:15,0,1,0
BRDA:18,1,0,0
BRDA:18,1,1,0
BRF:4
BRH:0
end_of_record
TN:
SF:middleware/admin.js
FN:1,(anonymous_0)
FNF:1
FNH:1
FNDA:4,(anonymous_0)
DA:1,3
DA:2,4
DA:4,3
LF:3
LH:3
BRDA:2,0,0,1
BRDA:2,0,1,3
BRF:2
BRH:2
end_of_record
TN:
SF:middleware/authorize.js
FN:4,authorize
FNF:1
FNH:1
FNDA:20,authorize
DA:1,4
DA:2,4
DA:5,20
DA:6,20
DA:8,16
DA:9,16
DA:10,15
DA:11,15
DA:13,1
DA:17,4
LF:10
LH:10
BRDA:6,0,0,4
BRDA:6,0,1,16
BRF:2
BRH:2
end_of_record
TN:
SF:middleware/error.js
FN:3,(anonymous_0)
FNF:1
FNH:0
FNDA:0,(anonymous_0)
DA:1,3
DA:3,3
DA:4,0
DA:6,0
LF:4
LH:2
BRF:0
BRH:0
end_of_record
TN:
SF:middleware/validateObjectId.js
FN:3,(anonymous_0)
FNF:1
FNH:1
FNDA:16,(anonymous_0)
DA:1,3
DA:3,3
DA:4,16
DA:5,13
LF:4
LH:4
BRDA:4,0,0,3
BRDA:4,0,1,13
BRF:2
BRH:2
end_of_record
TN:
SF:models/customer.js
FN:24,validate
FNF:1
FNH:0
FNDA:0,validate
DA:1,3
DA:2,3
DA:3,3
DA:5,3
DA:25,0
DA:30,0
DA:33,3
DA:34,3
LF:8
LH:6
BRF:0
BRH:0
end_of_record
TN:
SF:models/genre.js
FN:16,validate
FNF:1
FNH:1
FNDA:10,validate
DA:1,3
DA:2,3
DA:3,3
DA:5,3
DA:14,3
DA:17,10
DA:20,10
DA:23,3
DA:24,3
DA:25,3
LF:10
LH:10
BRF:0
BRH:0
end_of_record
TN:
SF:models/movie.js
FN:34,validate
FNF:1
FNH:0
FNDA:0,validate
DA:1,3
DA:2,3
DA:3,3
DA:5,3
DA:7,3
DA:32,3
DA:35,0
DA:41,0
DA:44,3
DA:45,3
LF:10
LH:8
BRF:0
BRH:0
end_of_record
TN:
SF:models/rental.js
FN:59,validateRental
FNF:1
FNH:0
FNDA:0,validateRental
DA:1,3
DA:2,3
DA:3,3
DA:5,3
DA:60,0
DA:65,0
DA:68,3
DA:69,3
LF:8
LH:6
BRF:0
BRH:0
end_of_record
TN:
SF:models/user.js
FN:34,(anonymous_0)
FN:41,validate
FNF:2
FNH:1
FNDA:24,(anonymous_0)
FNDA:0,validate
DA:1,5
DA:3,5
DA:4,5
DA:5,5
DA:7,5
DA:9,5
DA:34,5
DA:35,24
DA:36,24
DA:39,5
DA:42,0
DA:48,0
DA:51,5
DA:52,5
LF:14
LH:12
BRF:0
BRH:0
end_of_record
TN:
SF:routes/auth.js
FNF:0
FNH:0
DA:1,3
DA:3,3
DA:4,3
DA:6,3
DA:8,3
LF:5
LH:5
BRF:0
BRH:0
end_of_record
TN:
SF:routes/customers.js
FNF:0
FNH:0
DA:5,3
DA:7,3
DA:8,3
DA:10,3
DA:12,3
DA:14,3
DA:16,3
DA:18,3
DA:20,3
LF:9
LH:9
BRF:0
BRH:0
end_of_record
TN:
SF:routes/genres.js
FNF:0
FNH:0
DA:5,3
DA:7,3
DA:8,3
DA:9,3
DA:11,3
DA:12,3
DA:14,3
DA:16,3
DA:18,3
DA:20,3
DA:22,3
DA:24,3
LF:12
LH:12
BRF:0
BRH:0
end_of_record
TN:
SF:routes/home.js
FN:4,(anonymous_0)
FNF:1
FNH:0
FNDA:0,(anonymous_0)
DA:1,3
DA:2,3
DA:4,3
DA:5,0
DA:8,3
LF:5
LH:4
BRF:0
BRH:0
end_of_record
TN:
SF:routes/movies.js
FNF:0
FNH:0
DA:1,3
DA:3,3
DA:4,3
DA:6,3
DA:8,3
DA:10,3
LF:6
LH:6
BRF:0
BRH:0
end_of_record
TN:
SF:routes/rentals.js
FNF:0
FNH:0
DA:3,3
DA:5,3
DA:7,3
DA:8,3
DA:10,3
DA:12,3
DA:14,3
DA:16,3
LF:8
LH:8
BRF:0
BRH:0
end_of_record
TN:
SF:routes/users.js
FNF:0
FNH:0
DA:1,3
DA:3,3
DA:5,3
DA:6,3
DA:8,3
DA:10,3
DA:12,3
LF:7
LH:7
BRF:0
BRH:0
end_of_record
TN:
SF:startup/config.js
FN:3,(anonymous_0)
FNF:1
FNH:1
FNDA:3,(anonymous_0)
DA:1,3
DA:3,3
DA:4,3
DA:5,0
LF:4
LH:3
BRDA:4,0,0,0
BRDA:4,0,1,3
BRF:2
BRH:1
end_of_record
TN:
SF:startup/db.js
FN:5,(anonymous_0)
FN:9,(anonymous_1)
FNF:2
FNH:2
FNDA:3,(anonymous_0)
FNDA:3,(anonymous_1)
DA:1,3
DA:2,3
DA:3,3
DA:5,3
DA:6,3
DA:8,3
DA:9,3
LF:7
LH:7
BRF:0
BRH:0
end_of_record
TN:
SF:startup/routes.js
FN:14,(anonymous_0)
FNF:1
FNH:1
FNDA:3,(anonymous_0)
DA:2,3
DA:4,3
DA:5,3
DA:6,3
DA:7,3
DA:8,3
DA:9,3
DA:12,3
DA:14,3
DA:15,3
DA:16,3
DA:17,3
DA:18,3
DA:19,3
DA:20,3
DA:21,3
DA:22,3
DA:23,3
LF:18
LH:18
BRF:0
BRH:0
end_of_record
TN:
SF:startup/validation.js
FN:3,(anonymous_0)
FNF:1
FNH:1
FNDA:3,(anonymous_0)
DA:1,3
DA:3,3
DA:4,3
LF:3
LH:3
BRF:0
BRH:0
end_of_record
TN:
SF:utils/logger.js
FNF:0
FNH:0
DA:1,3
DA:2,3
DA:4,3
DA:6,3
LF:4
LH:4
BRF:0
BRH:0
end_of_record
